<?xml version="1.0" encoding="UTF-8"?>
<!-- Generated by org.testng.reporters.JUnitXMLReporter -->
<testsuite hostname="LAPTOP-I1H74EIF" ignored="2" name="TestNGTest" tests="5" failures="0" timestamp="29 Sep 2020 14:51:46 GMT" time="0.043" errors="0">
  <testcase name="@BeforeTest setUp" time="0.001" classname="com.TestNGPack.DemoFramesFactory">
    <failure type="java.lang.NullPointerException">
      <![CDATA[java.lang.NullPointerException
at com.TestNGPack.DemoFramesFactory.setUp(DemoFramesFactory.java:32)
... Removed 24 stack frames]]>
    </failure>
  </testcase> <!-- @BeforeTest setUp -->
  <testcase name="@BeforeTest setUp" time="0.0" classname="com.TestNGPack.DemoQAPageFactory">
    <skipped/>
  </testcase> <!-- @BeforeTest setUp -->
  <testcase name="bookSearch" time="0.0" classname="com.TestNGPack.DemoQAPageFactory">
    <skipped/>
  </testcase> <!-- bookSearch -->
  <testcase name="loadAlertNFramesApp" time="0.0" classname="com.TestNGPack.DemoFramesFactory">
    <skipped/>
  </testcase> <!-- loadAlertNFramesApp -->
  <testcase name="loadBookStoreApp" time="0.0" classname="com.TestNGPack.DemoQAPageFactory">
    <skipped/>
  </testcase> <!-- loadBookStoreApp -->
  <testcase name="loginToBookStoreApp" time="0.0" classname="com.TestNGPack.DemoQAPageFactory">
    <skipped/>
  </testcase> <!-- loginToBookStoreApp -->
  <testcase name="logoutFromBookStoreApp" time="0.0" classname="com.TestNGPack.DemoQAPageFactory">
    <skipped/>
  </testcase> <!-- logoutFromBookStoreApp -->
  <testcase name="@BeforeSuite beforeSuite" time="0.0" classname="com.Framework.BaseTest">
    <ignored/>
  </testcase> <!-- @BeforeSuite beforeSuite -->
  <testcase name="@AfterSuite afterSuite" time="0.0" classname="com.Framework.BaseTest">
    <ignored/>
  </testcase> <!-- @AfterSuite afterSuite -->
</testsuite> <!-- TestNGTest -->
