<?xml version="1.0" encoding="UTF-8"?>
<!-- Generated by org.testng.reporters.JUnitXMLReporter -->
<testsuite hostname="LAPTOP-I1H74EIF" ignored="0" name="Test" tests="4" failures="0" timestamp="02 Oct 2020 03:22:43 GMT" time="15.036" errors="0">
  <testcase name="test2" time="2.125" classname="com.parallelDemo.ParallelTestingThreadLocal"/>
  <testcase name="test1" time="3.27" classname="com.parallelDemo.ParallelTestingThreadLocal"/>
  <testcase name="test3" time="1.241" classname="com.parallelDemo.ParallelTestingThreadLocal"/>
  <testcase name="test4" time="1.451" classname="com.parallelDemo.ParallelTestingThreadLocal"/>
</testsuite> <!-- Test -->
